app/build/intermediates/manifest_merge_blame_file/debug/manifest-merger-blame-debug-report.txt
1<?xml version="1.0" encoding="utf-8"?>
2<manifest xmlns:android="http://schemas.android.com/apk/res/android"
3    package="com.example.gameapp"
4    android:versionCode="1"
5    android:versionName="1.0" >
6
7    <uses-sdk
8        android:minSdkVersion="21"
8-->src\main\AndroidManifest.xml
9        android:targetSdkVersion="31" />
9-->src\main\AndroidManifest.xml
10
11    <uses-permission android:name="android.permission.READ_EXTERNAL_STORAGE" />
11-->src\main\AndroidManifest.xml:4:5-80
11-->src\main\AndroidManifest.xml:4:22-77
12
13    <application
13-->src\main\AndroidManifest.xml:5:5-37:19
14        android:allowBackup="true"
14-->src\main\AndroidManifest.xml:6:9-35
15        android:appComponentFactory="androidx.core.app.CoreComponentFactory"
15-->[androidx.core:core:1.5.0] AndroidManifest.xml:24:18-86
16        android:debuggable="true"
17        android:icon="@mipmap/ic_launcher"
17-->src\main\AndroidManifest.xml:7:9-43
18        android:label="@string/app_name"
18-->src\main\AndroidManifest.xml:8:9-41
19        android:roundIcon="@mipmap/ic_launcher_round"
19-->src\main\AndroidManifest.xml:9:9-54
20        android:supportsRtl="true"
20-->src\main\AndroidManifest.xml:10:9-35
21        android:testOnly="true"
22        android:theme="@style/Theme.GameApp" >
22-->src\main\AndroidManifest.xml:11:9-45
23        <activity
23-->src\main\AndroidManifest.xml:12:9-14:40
24            android:name="com.example.gameapp.FinalActivity"
24-->src\main\AndroidManifest.xml:13:13-42
25            android:exported="false" />
25-->src\main\AndroidManifest.xml:14:13-37
26        <activity
26-->src\main\AndroidManifest.xml:15:9-23:20
27            android:name="com.example.gameapp.Formulario"
27-->src\main\AndroidManifest.xml:16:13-39
28            android:exported="true" >
28-->src\main\AndroidManifest.xml:17:13-36
29            <intent-filter>
29-->src\main\AndroidManifest.xml:18:13-22:29
30                <action android:name="android.intent.action.MAIN" />
30-->src\main\AndroidManifest.xml:19:17-69
30-->src\main\AndroidManifest.xml:19:25-66
31
32                <category android:name="android.intent.category.DEFAULT" />
32-->src\main\AndroidManifest.xml:21:17-76
32-->src\main\AndroidManifest.xml:21:27-73
33            </intent-filter>
34        </activity>
35        <activity
35-->src\main\AndroidManifest.xml:24:9-32:20
36            android:name="com.example.gameapp.MainActivity"
36-->src\main\AndroidManifest.xml:25:13-41
37            android:exported="true" >
37-->src\main\AndroidManifest.xml:26:13-36
38            <intent-filter>
38-->src\main\AndroidManifest.xml:27:13-31:29
39                <action android:name="android.intent.action.MAIN" />
39-->src\main\AndroidManifest.xml:19:17-69
39-->src\main\AndroidManifest.xml:19:25-66
40
41                <category android:name="android.intent.category.LAUNCHER" />
41-->src\main\AndroidManifest.xml:30:17-77
41-->src\main\AndroidManifest.xml:30:27-74
42            </intent-filter>
43        </activity>
44
45        <meta-data
45-->src\main\AndroidManifest.xml:34:9-36:57
46            android:name="preloaded_fonts"
46-->src\main\AndroidManifest.xml:35:13-43
47            android:resource="@array/preloaded_fonts" />
47-->src\main\AndroidManifest.xml:36:13-54
48    </application>
49
50</manifest>